Running: C:\Xilinx\14.7\ISE_DS\ISE\bin\nt64\unwrapped\fuse.exe -intstyle ise -incremental -o C:/Users/fran/Desktop/UPM/ERASMUS/CUATRIMESTRE 2/CICT - Digital Electronics 1/PROJECT/testbench_isim_beh.exe -prj C:/Users/fran/Desktop/UPM/ERASMUS/CUATRIMESTRE 2/CICT - Digital Electronics 1/PROJECT/testbench_beh.prj work.testbench 
ISim P.20131013 (signature 0x7708f090)
Number of CPUs detected in this system: 4
Turning on mult-threading, number of parallel sub-compilation jobs: 8 
Determining compilation order of HDL files
Parsing VHDL file "C:/Users/fran/Desktop/UPM/ERASMUS/CUATRIMESTRE 2/CICT - Digital Electronics 1/PROJECT/encoder_ky040.vhd" into library work
Parsing VHDL file "C:/Users/fran/Desktop/UPM/ERASMUS/CUATRIMESTRE 2/CICT - Digital Electronics 1/PROJECT/clock_enable.vhd" into library work
Parsing VHDL file "C:/Users/fran/Desktop/UPM/ERASMUS/CUATRIMESTRE 2/CICT - Digital Electronics 1/PROJECT/binary_cnt.vhd" into library work
Parsing VHDL file "C:/Users/fran/Desktop/UPM/ERASMUS/CUATRIMESTRE 2/CICT - Digital Electronics 1/PROJECT/top.vhd" into library work
Parsing VHDL file "C:/Users/fran/Desktop/UPM/ERASMUS/CUATRIMESTRE 2/CICT - Digital Electronics 1/PROJECT/testbench.vhd" into library work
Starting static elaboration
Completed static elaboration
Compiling package standard
Compiling package std_logic_1164
Compiling package std_logic_arith
Compiling package std_logic_unsigned
Compiling architecture behavioral of entity clock_enable [\clock_enable(('0','0','0','0','...]
Compiling architecture behavioral of entity encoder_ky040 [encoder_ky040_default]
Compiling architecture behavioral of entity binary_cnt [binary_cnt_default]
Compiling architecture behavioral of entity top [\top(4)\]
Compiling architecture behavior of entity testbench
Time Resolution for simulation is 1ps.
Waiting for 1 sub-compilation(s) to finish...
Compiled 13 VHDL Units
Built simulation executable C:/Users/fran/Desktop/UPM/ERASMUS/CUATRIMESTRE 2/CICT - Digital Electronics 1/PROJECT/testbench_isim_beh.exe
Fuse Memory Usage: 33488 KB
Fuse CPU Usage: 562 ms
