Running: C:\Xilinx\14.7\ISE_DS\ISE\bin\nt64\unwrapped\fuse.exe -intstyle ise -incremental -o C:/Users/fran/Desktop/UPM/ERASMUS/CUATRIMESTRE 2/CICT - Digital Electronics 1/Digital-Electronics-1/labs/05-counter_binary/binary_counter/binary_cnt_tb00_isim_beh.exe -prj C:/Users/fran/Desktop/UPM/ERASMUS/CUATRIMESTRE 2/CICT - Digital Electronics 1/Digital-Electronics-1/labs/05-counter_binary/binary_counter/binary_cnt_tb00_beh.prj work.binary_cnt_tb00 
ISim P.20131013 (signature 0x7708f090)
Number of CPUs detected in this system: 4
Turning on mult-threading, number of parallel sub-compilation jobs: 8 
Determining compilation order of HDL files
Parsing VHDL file "C:/Users/fran/Desktop/UPM/ERASMUS/CUATRIMESTRE 2/CICT - Digital Electronics 1/Digital-Electronics-1/labs/05-counter_binary/binary_counter/binary_cnt.vhd" into library work
Parsing VHDL file "C:/Users/fran/Desktop/UPM/ERASMUS/CUATRIMESTRE 2/CICT - Digital Electronics 1/Digital-Electronics-1/labs/05-counter_binary/binary_counter/binary_cnt_tb00.vhd" into library work
Starting static elaboration
Completed static elaboration
Compiling package standard
Compiling package std_logic_1164
Compiling package std_logic_arith
Compiling package std_logic_unsigned
Compiling architecture behavioral of entity binary_cnt [\binary_cnt(5)\]
Compiling architecture behavior of entity binary_cnt_tb00
Time Resolution for simulation is 1ps.
Waiting for 1 sub-compilation(s) to finish...
Compiled 7 VHDL Units
Built simulation executable C:/Users/fran/Desktop/UPM/ERASMUS/CUATRIMESTRE 2/CICT - Digital Electronics 1/Digital-Electronics-1/labs/05-counter_binary/binary_counter/binary_cnt_tb00_isim_beh.exe
Fuse Memory Usage: 34044 KB
Fuse CPU Usage: 577 ms
