Running: C:\Xilinx\14.7\ISE_DS\ISE\bin\nt64\unwrapped\fuse.exe -intstyle ise -incremental -o C:/Users/fran/Desktop/UPM/ERASMUS/CUATRIMESTRE 2/CICT - Digital Electronics 1/Digital-Electronics-1/labs/PROJECT/downcounter/tb_encoder_isim_beh.exe -prj C:/Users/fran/Desktop/UPM/ERASMUS/CUATRIMESTRE 2/CICT - Digital Electronics 1/Digital-Electronics-1/labs/PROJECT/downcounter/tb_encoder_beh.prj work.tb_encoder 
ISim P.20131013 (signature 0x7708f090)
Number of CPUs detected in this system: 4
Turning on mult-threading, number of parallel sub-compilation jobs: 8 
Determining compilation order of HDL files
Parsing VHDL file "C:/Users/fran/Desktop/UPM/ERASMUS/CUATRIMESTRE 2/CICT - Digital Electronics 1/Digital-Electronics-1/labs/PROJECT/downcounter/encoder_ky040.vhd" into library work
Parsing VHDL file "C:/Users/fran/Desktop/UPM/ERASMUS/CUATRIMESTRE 2/CICT - Digital Electronics 1/Digital-Electronics-1/labs/PROJECT/downcounter/tb_encoder.vhd" into library work
Starting static elaboration
Completed static elaboration
Compiling package standard
Compiling package std_logic_1164
Compiling package std_logic_arith
Compiling package std_logic_unsigned
Compiling architecture behavioral of entity encoder_ky040 [\encoder_ky040(4)\]
Compiling architecture behavior of entity tb_encoder
Time Resolution for simulation is 1ps.
Waiting for 1 sub-compilation(s) to finish...
Compiled 7 VHDL Units
Built simulation executable C:/Users/fran/Desktop/UPM/ERASMUS/CUATRIMESTRE 2/CICT - Digital Electronics 1/Digital-Electronics-1/labs/PROJECT/downcounter/tb_encoder_isim_beh.exe
Fuse Memory Usage: 34056 KB
Fuse CPU Usage: 671 ms
